<?xml version="1.0" encoding="UTF-8"?>
<testng-results ignored="0" total="1" passed="1" failed="0" skipped="0">
  <reporter-output>
  </reporter-output>
  <suite started-at="2024-05-02T23:26:45 IST" name="Default suite" finished-at="2024-05-02T23:27:06 IST" duration-ms="20964">
    <groups>
    </groups>
    <test started-at="2024-05-02T23:26:45 IST" name="Default test" finished-at="2024-05-02T23:27:06 IST" duration-ms="20964">
      <class name="com.comcast.crm.contacttest.CreateContactTest">
        <test-method signature="createContactTest()[pri:0, instance:com.comcast.crm.contacttest.CreateContactTest@7d4f9aae]" started-at="2024-05-02T23:26:45 IST" name="createContactTest" finished-at="2024-05-02T23:27:06 IST" duration-ms="20905" status="PASS">
          <reporter-output>
          </reporter-output>
        </test-method> <!-- createContactTest -->
      </class> <!-- com.comcast.crm.contacttest.CreateContactTest -->
    </test> <!-- Default test -->
  </suite> <!-- Default suite -->
</testng-results>
